09-Nov-2016 16:19:28.002 信息 [main] org.apache.catalina.startup.VersionLoggerListener.log Server version:        Apache Tomcat/9.0.0.M11
09-Nov-2016 16:19:28.008 信息 [main] org.apache.catalina.startup.VersionLoggerListener.log Server built:          Oct 6 2016 18:54:10 UTC
09-Nov-2016 16:19:28.008 信息 [main] org.apache.catalina.startup.VersionLoggerListener.log Server number:         9.0.0.0
09-Nov-2016 16:19:28.008 信息 [main] org.apache.catalina.startup.VersionLoggerListener.log OS Name:               Mac OS X
09-Nov-2016 16:19:28.008 信息 [main] org.apache.catalina.startup.VersionLoggerListener.log OS Version:            10.11.1
09-Nov-2016 16:19:28.008 信息 [main] org.apache.catalina.startup.VersionLoggerListener.log Architecture:          x86_64
09-Nov-2016 16:19:28.008 信息 [main] org.apache.catalina.startup.VersionLoggerListener.log Java Home:             /Library/Java/JavaVirtualMachines/jdk1.8.0_60.jdk/Contents/Home/jre
09-Nov-2016 16:19:28.009 信息 [main] org.apache.catalina.startup.VersionLoggerListener.log JVM Version:           1.8.0_60-b27
09-Nov-2016 16:19:28.009 信息 [main] org.apache.catalina.startup.VersionLoggerListener.log JVM Vendor:            Oracle Corporation
09-Nov-2016 16:19:28.009 信息 [main] org.apache.catalina.startup.VersionLoggerListener.log CATALINA_BASE:         /Users/Har/apache-tomcat
09-Nov-2016 16:19:28.009 信息 [main] org.apache.catalina.startup.VersionLoggerListener.log CATALINA_HOME:         /Users/Har/apache-tomcat
09-Nov-2016 16:19:28.010 信息 [main] org.apache.catalina.startup.VersionLoggerListener.log Command line argument: -Djava.util.logging.config.file=/Users/Har/apache-tomcat/conf/logging.properties
09-Nov-2016 16:19:28.010 信息 [main] org.apache.catalina.startup.VersionLoggerListener.log Command line argument: -Djava.util.logging.manager=org.apache.juli.ClassLoaderLogManager
09-Nov-2016 16:19:28.010 信息 [main] org.apache.catalina.startup.VersionLoggerListener.log Command line argument: -Djdk.tls.ephemeralDHKeySize=2048
09-Nov-2016 16:19:28.011 信息 [main] org.apache.catalina.startup.VersionLoggerListener.log Command line argument: -Djava.protocol.handler.pkgs=org.apache.catalina.webresources
09-Nov-2016 16:19:28.011 信息 [main] org.apache.catalina.startup.VersionLoggerListener.log Command line argument: -Dcatalina.base=/Users/Har/apache-tomcat
09-Nov-2016 16:19:28.011 信息 [main] org.apache.catalina.startup.VersionLoggerListener.log Command line argument: -Dcatalina.home=/Users/Har/apache-tomcat
09-Nov-2016 16:19:28.011 信息 [main] org.apache.catalina.startup.VersionLoggerListener.log Command line argument: -Djava.io.tmpdir=/Users/Har/apache-tomcat/temp
09-Nov-2016 16:19:28.011 信息 [main] org.apache.catalina.core.AprLifecycleListener.lifecycleEvent The APR based Apache Tomcat Native library which allows optimal performance in production environments was not found on the java.library.path: /Users/Har/Library/Java/Extensions:/Library/Java/Extensions:/Network/Library/Java/Extensions:/System/Library/Java/Extensions:/usr/lib/java:.
09-Nov-2016 16:19:28.214 信息 [main] org.apache.coyote.AbstractProtocol.init Initializing ProtocolHandler ["http-nio-8080"]
09-Nov-2016 16:19:28.255 信息 [main] org.apache.tomcat.util.net.NioSelectorPool.getSharedSelector Using a shared selector for servlet write/read
09-Nov-2016 16:19:28.259 信息 [main] org.apache.coyote.AbstractProtocol.init Initializing ProtocolHandler ["ajp-nio-8009"]
09-Nov-2016 16:19:28.262 信息 [main] org.apache.tomcat.util.net.NioSelectorPool.getSharedSelector Using a shared selector for servlet write/read
09-Nov-2016 16:19:28.263 信息 [main] org.apache.catalina.startup.Catalina.load Initialization processed in 867 ms
09-Nov-2016 16:19:28.305 信息 [main] org.apache.catalina.core.StandardService.startInternal Starting service Catalina
09-Nov-2016 16:19:28.306 信息 [main] org.apache.catalina.core.StandardEngine.startInternal Starting Servlet Engine: Apache Tomcat/9.0.0.M11
09-Nov-2016 16:19:28.347 信息 [localhost-startStop-1] org.apache.catalina.startup.HostConfig.deployWAR Deploying web application archive /Users/Har/apache-tomcat/webapps/CloudMusic.war
09-Nov-2016 16:19:28.389 信息 [localhost-startStop-1] org.apache.catalina.startup.ExpandWar.expand An expanded directory [/Users/Har/apache-tomcat/webapps/CloudMusic] was found with a last modified time that did not match the associated WAR. It will be deleted.
09-Nov-2016 16:19:30.711 信息 [localhost-startStop-1] org.apache.jasper.servlet.TldScanner.scanJars At least one JAR was scanned for TLDs yet contained no TLDs. Enable debug logging for this logger for a complete list of JARs that were scanned but no TLDs were found in them. Skipping unneeded JARs during scanning can improve startup time and JSP compilation time.
09-Nov-2016 16:19:30.964 信息 [localhost-startStop-1] org.springframework.web.servlet.DispatcherServlet.initServletBean FrameworkServlet 'CloudMusic': initialization started
09-Nov-2016 16:19:31.000 信息 [localhost-startStop-1] org.springframework.web.context.support.XmlWebApplicationContext.prepareRefresh Refreshing WebApplicationContext for namespace 'CloudMusic-servlet': startup date [Wed Nov 09 16:19:30 CST 2016]; root of context hierarchy
09-Nov-2016 16:19:31.053 信息 [localhost-startStop-1] org.springframework.beans.factory.xml.XmlBeanDefinitionReader.loadBeanDefinitions Loading XML bean definitions from ServletContext resource [/WEB-INF/CloudMusic-servlet.xml]
09-Nov-2016 16:19:31.857 信息 [localhost-startStop-1] org.springframework.web.servlet.mvc.annotation.DefaultAnnotationHandlerMapping.registerHandler Mapped URL path [/index] onto handler 'indexController'
09-Nov-2016 16:19:31.857 信息 [localhost-startStop-1] org.springframework.web.servlet.mvc.annotation.DefaultAnnotationHandlerMapping.registerHandler Mapped URL path [/index.*] onto handler 'indexController'
09-Nov-2016 16:19:31.858 信息 [localhost-startStop-1] org.springframework.web.servlet.mvc.annotation.DefaultAnnotationHandlerMapping.registerHandler Mapped URL path [/index/] onto handler 'indexController'
09-Nov-2016 16:19:32.050 信息 [localhost-startStop-1] org.springframework.web.servlet.DispatcherServlet.initServletBean FrameworkServlet 'CloudMusic': initialization completed in 1085 ms
09-Nov-2016 16:19:32.073 信息 [localhost-startStop-1] org.apache.catalina.startup.HostConfig.deployWAR Deployment of web application archive /Users/Har/apache-tomcat/webapps/CloudMusic.war has finished in 3,726 ms
09-Nov-2016 16:19:32.076 信息 [localhost-startStop-1] org.apache.catalina.startup.HostConfig.deployWAR Deploying web application archive /Users/Har/apache-tomcat/webapps/Login_MVC.war
09-Nov-2016 16:19:34.546 信息 [localhost-startStop-1] org.apache.jasper.servlet.TldScanner.scanJars At least one JAR was scanned for TLDs yet contained no TLDs. Enable debug logging for this logger for a complete list of JARs that were scanned but no TLDs were found in them. Skipping unneeded JARs during scanning can improve startup time and JSP compilation time.
09-Nov-2016 16:19:34.994 信息 [localhost-startStop-1] org.springframework.web.servlet.DispatcherServlet.initServletBean FrameworkServlet 'Login_MVC': initialization started
09-Nov-2016 16:19:35.069 信息 [localhost-startStop-1] org.springframework.web.context.support.XmlWebApplicationContext.prepareRefresh Refreshing WebApplicationContext for namespace 'Login_MVC-servlet': startup date [Wed Nov 09 16:19:35 CST 2016]; root of context hierarchy
09-Nov-2016 16:19:35.161 信息 [localhost-startStop-1] org.springframework.beans.factory.xml.XmlBeanDefinitionReader.loadBeanDefinitions Loading XML bean definitions from ServletContext resource [/WEB-INF/Login_MVC-servlet.xml]
09-Nov-2016 16:19:35.772 信息 [localhost-startStop-1] org.springframework.web.servlet.mvc.annotation.DefaultAnnotationHandlerMapping.registerHandler Mapped URL path [/studentLogin] onto handler 'studentController'
09-Nov-2016 16:19:35.772 信息 [localhost-startStop-1] org.springframework.web.servlet.mvc.annotation.DefaultAnnotationHandlerMapping.registerHandler Mapped URL path [/studentLogin.*] onto handler 'studentController'
09-Nov-2016 16:19:35.773 信息 [localhost-startStop-1] org.springframework.web.servlet.mvc.annotation.DefaultAnnotationHandlerMapping.registerHandler Mapped URL path [/studentLogin/] onto handler 'studentController'
09-Nov-2016 16:19:35.773 信息 [localhost-startStop-1] org.springframework.web.servlet.mvc.annotation.DefaultAnnotationHandlerMapping.registerHandler Mapped URL path [/student] onto handler 'studentController'
09-Nov-2016 16:19:35.773 信息 [localhost-startStop-1] org.springframework.web.servlet.mvc.annotation.DefaultAnnotationHandlerMapping.registerHandler Mapped URL path [/student.*] onto handler 'studentController'
09-Nov-2016 16:19:35.774 信息 [localhost-startStop-1] org.springframework.web.servlet.mvc.annotation.DefaultAnnotationHandlerMapping.registerHandler Mapped URL path [/student/] onto handler 'studentController'
09-Nov-2016 16:19:35.958 信息 [localhost-startStop-1] org.springframework.web.servlet.DispatcherServlet.initServletBean FrameworkServlet 'Login_MVC': initialization completed in 963 ms
09-Nov-2016 16:19:35.963 信息 [localhost-startStop-1] org.apache.catalina.startup.HostConfig.deployWAR Deployment of web application archive /Users/Har/apache-tomcat/webapps/Login_MVC.war has finished in 3,887 ms
09-Nov-2016 16:19:35.965 信息 [localhost-startStop-1] org.apache.catalina.startup.HostConfig.deployDirectory Deploying web application directory /Users/Har/apache-tomcat/webapps/docs
09-Nov-2016 16:19:35.987 信息 [localhost-startStop-1] org.apache.catalina.startup.HostConfig.deployDirectory Deployment of web application directory /Users/Har/apache-tomcat/webapps/docs has finished in 22 ms
09-Nov-2016 16:19:35.987 信息 [localhost-startStop-1] org.apache.catalina.startup.HostConfig.deployDirectory Deploying web application directory /Users/Har/apache-tomcat/webapps/examples
09-Nov-2016 16:19:36.324 信息 [localhost-startStop-1] org.apache.catalina.startup.HostConfig.deployDirectory Deployment of web application directory /Users/Har/apache-tomcat/webapps/examples has finished in 337 ms
09-Nov-2016 16:19:36.324 信息 [localhost-startStop-1] org.apache.catalina.startup.HostConfig.deployDirectory Deploying web application directory /Users/Har/apache-tomcat/webapps/host-manager
09-Nov-2016 16:19:36.357 信息 [localhost-startStop-1] org.apache.catalina.startup.HostConfig.deployDirectory Deployment of web application directory /Users/Har/apache-tomcat/webapps/host-manager has finished in 33 ms
09-Nov-2016 16:19:36.357 信息 [localhost-startStop-1] org.apache.catalina.startup.HostConfig.deployDirectory Deploying web application directory /Users/Har/apache-tomcat/webapps/manager
09-Nov-2016 16:19:36.382 信息 [localhost-startStop-1] org.apache.catalina.startup.HostConfig.deployDirectory Deployment of web application directory /Users/Har/apache-tomcat/webapps/manager has finished in 25 ms
09-Nov-2016 16:19:36.383 信息 [localhost-startStop-1] org.apache.catalina.startup.HostConfig.deployDirectory Deploying web application directory /Users/Har/apache-tomcat/webapps/ROOT
09-Nov-2016 16:19:36.400 信息 [localhost-startStop-1] org.apache.catalina.startup.HostConfig.deployDirectory Deployment of web application directory /Users/Har/apache-tomcat/webapps/ROOT has finished in 17 ms
09-Nov-2016 16:19:36.407 信息 [main] org.apache.coyote.AbstractProtocol.start Starting ProtocolHandler [http-nio-8080]
09-Nov-2016 16:19:36.419 信息 [main] org.apache.coyote.AbstractProtocol.start Starting ProtocolHandler [ajp-nio-8009]
09-Nov-2016 16:19:36.420 信息 [main] org.apache.catalina.startup.Catalina.start Server startup in 8155 ms
09-Nov-2016 16:20:11.091 警告 [http-nio-8080-exec-2] org.springframework.web.servlet.PageNotFound.noHandlerFound No mapping found for HTTP request with URI [/CloudMusic/css/music.css] in DispatcherServlet with name 'CloudMusic'
09-Nov-2016 16:20:11.097 警告 [http-nio-8080-exec-3] org.springframework.web.servlet.PageNotFound.noHandlerFound No mapping found for HTTP request with URI [/CloudMusic/css/index.css] in DispatcherServlet with name 'CloudMusic'
09-Nov-2016 16:20:11.114 警告 [http-nio-8080-exec-5] org.springframework.web.servlet.PageNotFound.noHandlerFound No mapping found for HTTP request with URI [/CloudMusic/image/player-1.jpg] in DispatcherServlet with name 'CloudMusic'
09-Nov-2016 16:20:11.122 警告 [http-nio-8080-exec-6] org.springframework.web.servlet.PageNotFound.noHandlerFound No mapping found for HTTP request with URI [/CloudMusic/image/player-2.jpg] in DispatcherServlet with name 'CloudMusic'
09-Nov-2016 16:20:11.138 警告 [http-nio-8080-exec-7] org.springframework.web.servlet.PageNotFound.noHandlerFound No mapping found for HTTP request with URI [/CloudMusic/image/player-3.jpg] in DispatcherServlet with name 'CloudMusic'
09-Nov-2016 16:20:11.159 警告 [http-nio-8080-exec-8] org.springframework.web.servlet.PageNotFound.noHandlerFound No mapping found for HTTP request with URI [/CloudMusic/image/player-4.jpg] in DispatcherServlet with name 'CloudMusic'
09-Nov-2016 16:20:11.170 警告 [http-nio-8080-exec-9] org.springframework.web.servlet.PageNotFound.noHandlerFound No mapping found for HTTP request with URI [/CloudMusic/image/player-5.jpg] in DispatcherServlet with name 'CloudMusic'
09-Nov-2016 16:20:11.189 警告 [http-nio-8080-exec-10] org.springframework.web.servlet.PageNotFound.noHandlerFound No mapping found for HTTP request with URI [/CloudMusic/image/hit-1.jpg] in DispatcherServlet with name 'CloudMusic'
09-Nov-2016 16:20:11.240 警告 [http-nio-8080-exec-1] org.springframework.web.servlet.PageNotFound.noHandlerFound No mapping found for HTTP request with URI [/CloudMusic/css/frame.css] in DispatcherServlet with name 'CloudMusic'
09-Nov-2016 16:20:11.258 警告 [http-nio-8080-exec-2] org.springframework.web.servlet.PageNotFound.noHandlerFound No mapping found for HTTP request with URI [/CloudMusic/image/hit-2.jpg] in DispatcherServlet with name 'CloudMusic'
09-Nov-2016 16:20:11.275 警告 [http-nio-8080-exec-4] org.springframework.web.servlet.PageNotFound.noHandlerFound No mapping found for HTTP request with URI [/CloudMusic/image/hit-3.jpg] in DispatcherServlet with name 'CloudMusic'
09-Nov-2016 16:20:11.276 警告 [http-nio-8080-exec-5] org.springframework.web.servlet.PageNotFound.noHandlerFound No mapping found for HTTP request with URI [/CloudMusic/image/hit-4.jpg] in DispatcherServlet with name 'CloudMusic'
09-Nov-2016 16:20:11.286 警告 [http-nio-8080-exec-6] org.springframework.web.servlet.PageNotFound.noHandlerFound No mapping found for HTTP request with URI [/CloudMusic/image/view-1.jpg] in DispatcherServlet with name 'CloudMusic'
09-Nov-2016 16:20:11.304 警告 [http-nio-8080-exec-7] org.springframework.web.servlet.PageNotFound.noHandlerFound No mapping found for HTTP request with URI [/CloudMusic/image/view-2.jpg] in DispatcherServlet with name 'CloudMusic'
09-Nov-2016 16:20:11.306 警告 [http-nio-8080-exec-8] org.springframework.web.servlet.PageNotFound.noHandlerFound No mapping found for HTTP request with URI [/CloudMusic/image/view-3.jpg] in DispatcherServlet with name 'CloudMusic'
09-Nov-2016 16:20:11.309 警告 [http-nio-8080-exec-9] org.springframework.web.servlet.PageNotFound.noHandlerFound No mapping found for HTTP request with URI [/CloudMusic/image/wrap.png] in DispatcherServlet with name 'CloudMusic'
09-Nov-2016 16:20:11.309 警告 [http-nio-8080-exec-3] org.springframework.web.servlet.PageNotFound.noHandlerFound No mapping found for HTTP request with URI [/CloudMusic/image/musicNew.jpg] in DispatcherServlet with name 'CloudMusic'
09-Nov-2016 16:20:11.309 警告 [http-nio-8080-exec-10] org.springframework.web.servlet.PageNotFound.noHandlerFound No mapping found for HTTP request with URI [/CloudMusic/image/musicUp.jpg] in DispatcherServlet with name 'CloudMusic'
09-Nov-2016 16:20:11.312 警告 [http-nio-8080-exec-2] org.springframework.web.servlet.PageNotFound.noHandlerFound No mapping found for HTTP request with URI [/CloudMusic/image/musicCreate.jpg] in DispatcherServlet with name 'CloudMusic'
09-Nov-2016 16:20:11.328 警告 [http-nio-8080-exec-1] org.springframework.web.servlet.PageNotFound.noHandlerFound No mapping found for HTTP request with URI [/CloudMusic/image/default_album.jpg] in DispatcherServlet with name 'CloudMusic'
09-Nov-2016 16:20:11.757 警告 [http-nio-8080-exec-4] org.springframework.web.servlet.PageNotFound.noHandlerFound No mapping found for HTTP request with URI [/CloudMusic/image/favicon.ico] in DispatcherServlet with name 'CloudMusic'
09-Nov-2016 16:23:46.553 信息 [ContainerBackgroundProcessor[StandardEngine[Catalina]]] org.apache.catalina.startup.HostConfig.undeploy Undeploying context [/CloudMusic]
09-Nov-2016 16:23:46.558 信息 [ContainerBackgroundProcessor[StandardEngine[Catalina]]] org.springframework.web.context.support.XmlWebApplicationContext.doClose Closing WebApplicationContext for namespace 'CloudMusic-servlet': startup date [Wed Nov 09 16:19:30 CST 2016]; root of context hierarchy
09-Nov-2016 16:23:46.768 信息 [localhost-startStop-2] org.apache.catalina.startup.HostConfig.deployWAR Deploying web application archive /Users/Har/apache-tomcat/webapps/CloudMusic.war
09-Nov-2016 16:23:48.632 信息 [localhost-startStop-2] org.springframework.web.servlet.DispatcherServlet.initServletBean FrameworkServlet 'CloudMusic': initialization started
09-Nov-2016 16:23:48.662 信息 [localhost-startStop-2] org.springframework.web.context.support.XmlWebApplicationContext.prepareRefresh Refreshing WebApplicationContext for namespace 'CloudMusic-servlet': startup date [Wed Nov 09 16:23:48 CST 2016]; root of context hierarchy
09-Nov-2016 16:23:48.723 信息 [localhost-startStop-2] org.springframework.beans.factory.xml.XmlBeanDefinitionReader.loadBeanDefinitions Loading XML bean definitions from ServletContext resource [/WEB-INF/CloudMusic-servlet.xml]
09-Nov-2016 16:23:49.173 信息 [localhost-startStop-2] org.springframework.web.servlet.mvc.annotation.DefaultAnnotationHandlerMapping.registerHandler Root mapping to handler 'indexController'
09-Nov-2016 16:23:49.310 信息 [localhost-startStop-2] org.springframework.web.servlet.DispatcherServlet.initServletBean FrameworkServlet 'CloudMusic': initialization completed in 678 ms
09-Nov-2016 16:23:49.315 信息 [localhost-startStop-2] org.apache.catalina.startup.HostConfig.deployWAR Deployment of web application archive /Users/Har/apache-tomcat/webapps/CloudMusic.war has finished in 2,547 ms
09-Nov-2016 16:23:49.854 警告 [http-nio-8080-exec-8] org.springframework.web.servlet.PageNotFound.noHandlerFound No mapping found for HTTP request with URI [/CloudMusic/css/index.css] in DispatcherServlet with name 'CloudMusic'
09-Nov-2016 16:23:49.855 警告 [http-nio-8080-exec-3] org.springframework.web.servlet.PageNotFound.noHandlerFound No mapping found for HTTP request with URI [/CloudMusic/css/music.css] in DispatcherServlet with name 'CloudMusic'
09-Nov-2016 16:23:49.855 警告 [http-nio-8080-exec-7] org.springframework.web.servlet.PageNotFound.noHandlerFound No mapping found for HTTP request with URI [/CloudMusic/css/frame.css] in DispatcherServlet with name 'CloudMusic'
09-Nov-2016 16:23:49.876 警告 [http-nio-8080-exec-6] org.springframework.web.servlet.PageNotFound.noHandlerFound No mapping found for HTTP request with URI [/CloudMusic/image/player-1.jpg] in DispatcherServlet with name 'CloudMusic'
09-Nov-2016 16:23:49.883 警告 [http-nio-8080-exec-10] org.springframework.web.servlet.PageNotFound.noHandlerFound No mapping found for HTTP request with URI [/CloudMusic/image/player-2.jpg] in DispatcherServlet with name 'CloudMusic'
09-Nov-2016 16:23:49.896 警告 [http-nio-8080-exec-4] org.springframework.web.servlet.PageNotFound.noHandlerFound No mapping found for HTTP request with URI [/CloudMusic/image/player-3.jpg] in DispatcherServlet with name 'CloudMusic'
09-Nov-2016 16:23:49.908 警告 [http-nio-8080-exec-5] org.springframework.web.servlet.PageNotFound.noHandlerFound No mapping found for HTTP request with URI [/CloudMusic/image/player-4.jpg] in DispatcherServlet with name 'CloudMusic'
09-Nov-2016 16:23:49.916 警告 [http-nio-8080-exec-11] org.springframework.web.servlet.PageNotFound.noHandlerFound No mapping found for HTTP request with URI [/CloudMusic/image/player-5.jpg] in DispatcherServlet with name 'CloudMusic'
09-Nov-2016 16:23:49.924 警告 [http-nio-8080-exec-1] org.springframework.web.servlet.PageNotFound.noHandlerFound No mapping found for HTTP request with URI [/CloudMusic/image/hit-1.jpg] in DispatcherServlet with name 'CloudMusic'
09-Nov-2016 16:23:49.933 警告 [http-nio-8080-exec-3] org.springframework.web.servlet.PageNotFound.noHandlerFound No mapping found for HTTP request with URI [/CloudMusic/image/hit-2.jpg] in DispatcherServlet with name 'CloudMusic'
09-Nov-2016 16:23:49.940 警告 [http-nio-8080-exec-8] org.springframework.web.servlet.PageNotFound.noHandlerFound No mapping found for HTTP request with URI [/CloudMusic/image/hit-3.jpg] in DispatcherServlet with name 'CloudMusic'
09-Nov-2016 16:23:49.946 警告 [http-nio-8080-exec-7] org.springframework.web.servlet.PageNotFound.noHandlerFound No mapping found for HTTP request with URI [/CloudMusic/image/hit-4.jpg] in DispatcherServlet with name 'CloudMusic'
09-Nov-2016 16:23:49.954 警告 [http-nio-8080-exec-2] org.springframework.web.servlet.PageNotFound.noHandlerFound No mapping found for HTTP request with URI [/CloudMusic/image/view-1.jpg] in DispatcherServlet with name 'CloudMusic'
09-Nov-2016 16:23:49.961 警告 [http-nio-8080-exec-6] org.springframework.web.servlet.PageNotFound.noHandlerFound No mapping found for HTTP request with URI [/CloudMusic/image/view-2.jpg] in DispatcherServlet with name 'CloudMusic'
09-Nov-2016 16:23:50.007 警告 [http-nio-8080-exec-10] org.springframework.web.servlet.PageNotFound.noHandlerFound No mapping found for HTTP request with URI [/CloudMusic/image/view-3.jpg] in DispatcherServlet with name 'CloudMusic'
09-Nov-2016 16:23:50.011 警告 [http-nio-8080-exec-4] org.springframework.web.servlet.PageNotFound.noHandlerFound No mapping found for HTTP request with URI [/CloudMusic/image/musicUp.jpg] in DispatcherServlet with name 'CloudMusic'
09-Nov-2016 16:23:50.012 警告 [http-nio-8080-exec-5] org.springframework.web.servlet.PageNotFound.noHandlerFound No mapping found for HTTP request with URI [/CloudMusic/image/wrap.png] in DispatcherServlet with name 'CloudMusic'
09-Nov-2016 16:23:50.012 警告 [http-nio-8080-exec-11] org.springframework.web.servlet.PageNotFound.noHandlerFound No mapping found for HTTP request with URI [/CloudMusic/image/musicNew.jpg] in DispatcherServlet with name 'CloudMusic'
09-Nov-2016 16:23:50.014 警告 [http-nio-8080-exec-11] org.springframework.web.servlet.PageNotFound.noHandlerFound No mapping found for HTTP request with URI [/CloudMusic/image/musicCreate.jpg] in DispatcherServlet with name 'CloudMusic'
09-Nov-2016 16:23:50.019 警告 [http-nio-8080-exec-3] org.springframework.web.servlet.PageNotFound.noHandlerFound No mapping found for HTTP request with URI [/CloudMusic/image/default_album.jpg] in DispatcherServlet with name 'CloudMusic'
09-Nov-2016 16:38:59.753 信息 [ContainerBackgroundProcessor[StandardEngine[Catalina]]] org.apache.catalina.startup.HostConfig.undeploy Undeploying context [/CloudMusic]
09-Nov-2016 16:38:59.762 信息 [ContainerBackgroundProcessor[StandardEngine[Catalina]]] org.springframework.web.context.support.XmlWebApplicationContext.doClose Closing WebApplicationContext for namespace 'CloudMusic-servlet': startup date [Wed Nov 09 16:23:48 CST 2016]; root of context hierarchy
09-Nov-2016 16:38:59.840 信息 [localhost-startStop-3] org.apache.catalina.startup.HostConfig.deployWAR Deploying web application archive /Users/Har/apache-tomcat/webapps/CloudMusic.war
09-Nov-2016 16:39:02.331 信息 [localhost-startStop-3] org.springframework.web.servlet.DispatcherServlet.initServletBean FrameworkServlet 'CloudMusic': initialization started
09-Nov-2016 16:39:02.354 信息 [localhost-startStop-3] org.springframework.web.context.support.XmlWebApplicationContext.prepareRefresh Refreshing WebApplicationContext for namespace 'CloudMusic-servlet': startup date [Wed Nov 09 16:39:02 CST 2016]; root of context hierarchy
09-Nov-2016 16:39:02.400 信息 [localhost-startStop-3] org.springframework.beans.factory.xml.XmlBeanDefinitionReader.loadBeanDefinitions Loading XML bean definitions from ServletContext resource [/WEB-INF/CloudMusic-servlet.xml]
09-Nov-2016 16:39:02.833 信息 [localhost-startStop-3] org.springframework.web.servlet.mvc.annotation.DefaultAnnotationHandlerMapping.registerHandler Root mapping to handler 'indexController'
09-Nov-2016 16:39:02.975 信息 [localhost-startStop-3] org.springframework.web.servlet.DispatcherServlet.initServletBean FrameworkServlet 'CloudMusic': initialization completed in 643 ms
09-Nov-2016 16:39:02.982 信息 [localhost-startStop-3] org.apache.catalina.startup.HostConfig.deployWAR Deployment of web application archive /Users/Har/apache-tomcat/webapps/CloudMusic.war has finished in 3,141 ms
09-Nov-2016 16:39:49.918 警告 [http-nio-8080-exec-11] org.springframework.web.servlet.PageNotFound.noHandlerFound No mapping found for HTTP request with URI [/CloudMusic/css/frame.css] in DispatcherServlet with name 'CloudMusic'
09-Nov-2016 16:39:49.926 警告 [http-nio-8080-exec-15] org.springframework.web.servlet.PageNotFound.noHandlerFound No mapping found for HTTP request with URI [/CloudMusic/css/index.css] in DispatcherServlet with name 'CloudMusic'
09-Nov-2016 16:39:49.928 警告 [http-nio-8080-exec-12] org.springframework.web.servlet.PageNotFound.noHandlerFound No mapping found for HTTP request with URI [/CloudMusic/css/music.css] in DispatcherServlet with name 'CloudMusic'
09-Nov-2016 16:39:49.937 警告 [http-nio-8080-exec-19] org.springframework.web.servlet.PageNotFound.noHandlerFound No mapping found for HTTP request with URI [/CloudMusic/image/player-1.jpg] in DispatcherServlet with name 'CloudMusic'
09-Nov-2016 16:39:49.949 警告 [http-nio-8080-exec-20] org.springframework.web.servlet.PageNotFound.noHandlerFound No mapping found for HTTP request with URI [/CloudMusic/image/player-2.jpg] in DispatcherServlet with name 'CloudMusic'
09-Nov-2016 16:39:49.971 警告 [http-nio-8080-exec-13] org.springframework.web.servlet.PageNotFound.noHandlerFound No mapping found for HTTP request with URI [/CloudMusic/image/player-3.jpg] in DispatcherServlet with name 'CloudMusic'
09-Nov-2016 16:39:49.979 警告 [http-nio-8080-exec-16] org.springframework.web.servlet.PageNotFound.noHandlerFound No mapping found for HTTP request with URI [/CloudMusic/image/player-4.jpg] in DispatcherServlet with name 'CloudMusic'
09-Nov-2016 16:39:49.986 警告 [http-nio-8080-exec-18] org.springframework.web.servlet.PageNotFound.noHandlerFound No mapping found for HTTP request with URI [/CloudMusic/image/player-5.jpg] in DispatcherServlet with name 'CloudMusic'
09-Nov-2016 16:39:50.073 警告 [http-nio-8080-exec-11] org.springframework.web.servlet.PageNotFound.noHandlerFound No mapping found for HTTP request with URI [/CloudMusic/image/hit-3.jpg] in DispatcherServlet with name 'CloudMusic'
09-Nov-2016 16:39:50.074 警告 [http-nio-8080-exec-15] org.springframework.web.servlet.PageNotFound.noHandlerFound No mapping found for HTTP request with URI [/CloudMusic/image/hit-4.jpg] in DispatcherServlet with name 'CloudMusic'
09-Nov-2016 16:39:50.074 警告 [http-nio-8080-exec-14] org.springframework.web.servlet.PageNotFound.noHandlerFound No mapping found for HTTP request with URI [/CloudMusic/image/hit-1.jpg] in DispatcherServlet with name 'CloudMusic'
09-Nov-2016 16:39:50.076 警告 [http-nio-8080-exec-21] org.springframework.web.servlet.PageNotFound.noHandlerFound No mapping found for HTTP request with URI [/CloudMusic/image/hit-2.jpg] in DispatcherServlet with name 'CloudMusic'
09-Nov-2016 16:39:50.077 警告 [http-nio-8080-exec-12] org.springframework.web.servlet.PageNotFound.noHandlerFound No mapping found for HTTP request with URI [/CloudMusic/image/view-1.jpg] in DispatcherServlet with name 'CloudMusic'
09-Nov-2016 16:39:50.078 警告 [http-nio-8080-exec-19] org.springframework.web.servlet.PageNotFound.noHandlerFound No mapping found for HTTP request with URI [/CloudMusic/image/view-2.jpg] in DispatcherServlet with name 'CloudMusic'
09-Nov-2016 16:39:50.093 警告 [http-nio-8080-exec-16] org.springframework.web.servlet.PageNotFound.noHandlerFound No mapping found for HTTP request with URI [/CloudMusic/image/wrap.png] in DispatcherServlet with name 'CloudMusic'
09-Nov-2016 16:39:50.093 警告 [http-nio-8080-exec-13] org.springframework.web.servlet.PageNotFound.noHandlerFound No mapping found for HTTP request with URI [/CloudMusic/image/view-3.jpg] in DispatcherServlet with name 'CloudMusic'
09-Nov-2016 16:39:50.098 警告 [http-nio-8080-exec-18] org.springframework.web.servlet.PageNotFound.noHandlerFound No mapping found for HTTP request with URI [/CloudMusic/image/musicUp.jpg] in DispatcherServlet with name 'CloudMusic'
09-Nov-2016 16:39:50.102 警告 [http-nio-8080-exec-11] org.springframework.web.servlet.PageNotFound.noHandlerFound No mapping found for HTTP request with URI [/CloudMusic/image/musicNew.jpg] in DispatcherServlet with name 'CloudMusic'
09-Nov-2016 16:39:50.118 警告 [http-nio-8080-exec-15] org.springframework.web.servlet.PageNotFound.noHandlerFound No mapping found for HTTP request with URI [/CloudMusic/image/musicCreate.jpg] in DispatcherServlet with name 'CloudMusic'
09-Nov-2016 16:39:50.120 警告 [http-nio-8080-exec-14] org.springframework.web.servlet.PageNotFound.noHandlerFound No mapping found for HTTP request with URI [/CloudMusic/image/default_album.jpg] in DispatcherServlet with name 'CloudMusic'
09-Nov-2016 16:39:50.121 警告 [http-nio-8080-exec-21] org.springframework.web.servlet.PageNotFound.noHandlerFound No mapping found for HTTP request with URI [/CloudMusic/image/player-2.jpg] in DispatcherServlet with name 'CloudMusic'
09-Nov-2016 16:39:50.122 警告 [http-nio-8080-exec-20] org.springframework.web.servlet.PageNotFound.noHandlerFound No mapping found for HTTP request with URI [/CloudMusic/image/player-3.jpg] in DispatcherServlet with name 'CloudMusic'
09-Nov-2016 16:39:50.146 警告 [http-nio-8080-exec-12] org.springframework.web.servlet.PageNotFound.noHandlerFound No mapping found for HTTP request with URI [/CloudMusic/image/player-5.jpg] in DispatcherServlet with name 'CloudMusic'
09-Nov-2016 16:39:50.146 警告 [http-nio-8080-exec-11] org.springframework.web.servlet.PageNotFound.noHandlerFound No mapping found for HTTP request with URI [/CloudMusic/image/player-4.jpg] in DispatcherServlet with name 'CloudMusic'
09-Nov-2016 16:39:52.294 警告 [http-nio-8080-exec-19] org.springframework.web.servlet.PageNotFound.noHandlerFound No mapping found for HTTP request with URI [/CloudMusic/css/frame.css] in DispatcherServlet with name 'CloudMusic'
09-Nov-2016 16:39:52.296 警告 [http-nio-8080-exec-19] org.springframework.web.servlet.PageNotFound.noHandlerFound No mapping found for HTTP request with URI [/CloudMusic/css/music.css] in DispatcherServlet with name 'CloudMusic'
09-Nov-2016 16:39:52.296 警告 [http-nio-8080-exec-16] org.springframework.web.servlet.PageNotFound.noHandlerFound No mapping found for HTTP request with URI [/CloudMusic/css/index.css] in DispatcherServlet with name 'CloudMusic'
09-Nov-2016 16:39:52.311 警告 [http-nio-8080-exec-21] org.springframework.web.servlet.PageNotFound.noHandlerFound No mapping found for HTTP request with URI [/CloudMusic/image/player-1.jpg] in DispatcherServlet with name 'CloudMusic'
09-Nov-2016 16:39:52.318 警告 [http-nio-8080-exec-14] org.springframework.web.servlet.PageNotFound.noHandlerFound No mapping found for HTTP request with URI [/CloudMusic/image/player-2.jpg] in DispatcherServlet with name 'CloudMusic'
09-Nov-2016 16:39:52.338 警告 [http-nio-8080-exec-15] org.springframework.web.servlet.PageNotFound.noHandlerFound No mapping found for HTTP request with URI [/CloudMusic/image/player-3.jpg] in DispatcherServlet with name 'CloudMusic'
09-Nov-2016 16:39:52.338 警告 [http-nio-8080-exec-11] org.springframework.web.servlet.PageNotFound.noHandlerFound No mapping found for HTTP request with URI [/CloudMusic/image/player-4.jpg] in DispatcherServlet with name 'CloudMusic'
09-Nov-2016 16:39:52.343 警告 [http-nio-8080-exec-12] org.springframework.web.servlet.PageNotFound.noHandlerFound No mapping found for HTTP request with URI [/CloudMusic/image/player-5.jpg] in DispatcherServlet with name 'CloudMusic'
09-Nov-2016 16:39:52.346 警告 [http-nio-8080-exec-18] org.springframework.web.servlet.PageNotFound.noHandlerFound No mapping found for HTTP request with URI [/CloudMusic/image/hit-1.jpg] in DispatcherServlet with name 'CloudMusic'
09-Nov-2016 16:39:52.348 警告 [http-nio-8080-exec-22] org.springframework.web.servlet.PageNotFound.noHandlerFound No mapping found for HTTP request with URI [/CloudMusic/image/hit-2.jpg] in DispatcherServlet with name 'CloudMusic'
09-Nov-2016 16:39:52.412 警告 [http-nio-8080-exec-16] org.springframework.web.servlet.PageNotFound.noHandlerFound No mapping found for HTTP request with URI [/CloudMusic/image/hit-3.jpg] in DispatcherServlet with name 'CloudMusic'
09-Nov-2016 16:39:52.413 警告 [http-nio-8080-exec-20] org.springframework.web.servlet.PageNotFound.noHandlerFound No mapping found for HTTP request with URI [/CloudMusic/image/hit-4.jpg] in DispatcherServlet with name 'CloudMusic'
09-Nov-2016 16:39:52.416 警告 [http-nio-8080-exec-21] org.springframework.web.servlet.PageNotFound.noHandlerFound No mapping found for HTTP request with URI [/CloudMusic/image/view-1.jpg] in DispatcherServlet with name 'CloudMusic'
09-Nov-2016 16:39:52.419 警告 [http-nio-8080-exec-14] org.springframework.web.servlet.PageNotFound.noHandlerFound No mapping found for HTTP request with URI [/CloudMusic/image/view-2.jpg] in DispatcherServlet with name 'CloudMusic'
09-Nov-2016 16:39:52.436 警告 [http-nio-8080-exec-11] org.springframework.web.servlet.PageNotFound.noHandlerFound No mapping found for HTTP request with URI [/CloudMusic/image/wrap.png] in DispatcherServlet with name 'CloudMusic'
09-Nov-2016 16:39:52.436 警告 [http-nio-8080-exec-15] org.springframework.web.servlet.PageNotFound.noHandlerFound No mapping found for HTTP request with URI [/CloudMusic/image/view-3.jpg] in DispatcherServlet with name 'CloudMusic'
09-Nov-2016 16:39:52.451 警告 [http-nio-8080-exec-12] org.springframework.web.servlet.PageNotFound.noHandlerFound No mapping found for HTTP request with URI [/CloudMusic/image/musicUp.jpg] in DispatcherServlet with name 'CloudMusic'
09-Nov-2016 16:39:52.452 警告 [http-nio-8080-exec-18] org.springframework.web.servlet.PageNotFound.noHandlerFound No mapping found for HTTP request with URI [/CloudMusic/image/musicNew.jpg] in DispatcherServlet with name 'CloudMusic'
09-Nov-2016 16:39:52.459 警告 [http-nio-8080-exec-22] org.springframework.web.servlet.PageNotFound.noHandlerFound No mapping found for HTTP request with URI [/CloudMusic/image/musicCreate.jpg] in DispatcherServlet with name 'CloudMusic'
09-Nov-2016 16:39:52.469 警告 [http-nio-8080-exec-19] org.springframework.web.servlet.PageNotFound.noHandlerFound No mapping found for HTTP request with URI [/CloudMusic/image/default_album.jpg] in DispatcherServlet with name 'CloudMusic'
09-Nov-2016 16:55:23.442 信息 [ContainerBackgroundProcessor[StandardEngine[Catalina]]] org.apache.catalina.startup.HostConfig.undeploy Undeploying context [/CloudMusic]
09-Nov-2016 16:55:23.455 信息 [ContainerBackgroundProcessor[StandardEngine[Catalina]]] org.springframework.web.context.support.XmlWebApplicationContext.doClose Closing WebApplicationContext for namespace 'CloudMusic-servlet': startup date [Wed Nov 09 16:39:02 CST 2016]; root of context hierarchy
09-Nov-2016 16:55:23.569 信息 [localhost-startStop-4] org.apache.catalina.startup.HostConfig.deployWAR Deploying web application archive /Users/Har/apache-tomcat/webapps/CloudMusic.war
09-Nov-2016 16:55:25.841 信息 [localhost-startStop-4] org.springframework.web.servlet.DispatcherServlet.initServletBean FrameworkServlet 'CloudMusic': initialization started
09-Nov-2016 16:55:25.859 信息 [localhost-startStop-4] org.springframework.web.context.support.XmlWebApplicationContext.prepareRefresh Refreshing WebApplicationContext for namespace 'CloudMusic-servlet': startup date [Wed Nov 09 16:55:25 CST 2016]; root of context hierarchy
09-Nov-2016 16:55:25.903 信息 [localhost-startStop-4] org.springframework.beans.factory.xml.XmlBeanDefinitionReader.loadBeanDefinitions Loading XML bean definitions from ServletContext resource [/WEB-INF/CloudMusic-servlet.xml]
09-Nov-2016 16:55:26.248 信息 [localhost-startStop-4] org.springframework.web.servlet.mvc.annotation.DefaultAnnotationHandlerMapping.registerHandler Root mapping to handler 'indexController'
09-Nov-2016 16:55:26.352 信息 [localhost-startStop-4] org.springframework.web.servlet.DispatcherServlet.initServletBean FrameworkServlet 'CloudMusic': initialization completed in 511 ms
09-Nov-2016 16:55:26.358 信息 [localhost-startStop-4] org.apache.catalina.startup.HostConfig.deployWAR Deployment of web application archive /Users/Har/apache-tomcat/webapps/CloudMusic.war has finished in 2,789 ms
09-Nov-2016 16:55:26.648 警告 [http-nio-8080-exec-24] org.springframework.web.servlet.PageNotFound.noHandlerFound No mapping found for HTTP request with URI [/CloudMusic/] in DispatcherServlet with name 'CloudMusic'
09-Nov-2016 16:55:29.335 警告 [http-nio-8080-exec-22] org.springframework.web.servlet.PageNotFound.noHandlerFound No mapping found for HTTP request with URI [/CloudMusic/] in DispatcherServlet with name 'CloudMusic'
09-Nov-2016 16:55:31.696 警告 [http-nio-8080-exec-21] org.springframework.web.servlet.PageNotFound.noHandlerFound No mapping found for HTTP request with URI [/CloudMusic/] in DispatcherServlet with name 'CloudMusic'
09-Nov-2016 16:55:33.728 警告 [http-nio-8080-exec-26] org.springframework.web.servlet.PageNotFound.noHandlerFound No mapping found for HTTP request with URI [/CloudMusic/] in DispatcherServlet with name 'CloudMusic'
09-Nov-2016 16:56:00.625 警告 [http-nio-8080-exec-33] org.springframework.web.servlet.PageNotFound.noHandlerFound No mapping found for HTTP request with URI [/CloudMusic/] in DispatcherServlet with name 'CloudMusic'
09-Nov-2016 16:57:30.579 警告 [http-nio-8080-exec-32] org.springframework.web.servlet.PageNotFound.noHandlerFound No mapping found for HTTP request with URI [/CloudMusic/] in DispatcherServlet with name 'CloudMusic'
09-Nov-2016 16:57:36.437 信息 [ContainerBackgroundProcessor[StandardEngine[Catalina]]] org.apache.catalina.startup.HostConfig.undeploy Undeploying context [/CloudMusic]
09-Nov-2016 16:57:36.439 信息 [ContainerBackgroundProcessor[StandardEngine[Catalina]]] org.springframework.web.context.support.XmlWebApplicationContext.doClose Closing WebApplicationContext for namespace 'CloudMusic-servlet': startup date [Wed Nov 09 16:55:25 CST 2016]; root of context hierarchy
09-Nov-2016 16:57:36.466 信息 [localhost-startStop-5] org.apache.catalina.startup.HostConfig.deployWAR Deploying web application archive /Users/Har/apache-tomcat/webapps/CloudMusic.war
09-Nov-2016 16:57:37.902 信息 [localhost-startStop-5] org.springframework.web.servlet.DispatcherServlet.initServletBean FrameworkServlet 'CloudMusic': initialization started
09-Nov-2016 16:57:37.917 信息 [localhost-startStop-5] org.springframework.web.context.support.XmlWebApplicationContext.prepareRefresh Refreshing WebApplicationContext for namespace 'CloudMusic-servlet': startup date [Wed Nov 09 16:57:37 CST 2016]; root of context hierarchy
09-Nov-2016 16:57:37.955 信息 [localhost-startStop-5] org.springframework.beans.factory.xml.XmlBeanDefinitionReader.loadBeanDefinitions Loading XML bean definitions from ServletContext resource [/WEB-INF/CloudMusic-servlet.xml]
09-Nov-2016 16:57:38.276 信息 [localhost-startStop-5] org.springframework.web.servlet.mvc.annotation.DefaultAnnotationHandlerMapping.registerHandler Root mapping to handler 'indexController'
09-Nov-2016 16:57:38.370 信息 [localhost-startStop-5] org.springframework.web.servlet.DispatcherServlet.initServletBean FrameworkServlet 'CloudMusic': initialization completed in 468 ms
09-Nov-2016 16:57:38.374 信息 [localhost-startStop-5] org.apache.catalina.startup.HostConfig.deployWAR Deployment of web application archive /Users/Har/apache-tomcat/webapps/CloudMusic.war has finished in 1,908 ms
09-Nov-2016 16:57:42.001 警告 [http-nio-8080-exec-34] org.springframework.web.servlet.PageNotFound.noHandlerFound No mapping found for HTTP request with URI [/CloudMusic/WEB-INF/view/index.html] in DispatcherServlet with name 'CloudMusic'
09-Nov-2016 16:57:46.087 警告 [http-nio-8080-exec-38] org.springframework.web.servlet.PageNotFound.noHandlerFound No mapping found for HTTP request with URI [/CloudMusic/WEB-INF/view/index.html] in DispatcherServlet with name 'CloudMusic'
09-Nov-2016 16:58:23.072 警告 [http-nio-8080-exec-39] org.springframework.web.servlet.PageNotFound.noHandlerFound No mapping found for HTTP request with URI [/CloudMusic/WEB-INF/view/index.html] in DispatcherServlet with name 'CloudMusic'
09-Nov-2016 16:58:24.766 警告 [http-nio-8080-exec-34] org.springframework.web.servlet.PageNotFound.noHandlerFound No mapping found for HTTP request with URI [/CloudMusic/WEB-INF/view/index.html] in DispatcherServlet with name 'CloudMusic'
09-Nov-2016 16:58:28.411 信息 [ContainerBackgroundProcessor[StandardEngine[Catalina]]] org.apache.catalina.startup.HostConfig.undeploy Undeploying context [/CloudMusic]
09-Nov-2016 16:58:28.414 信息 [ContainerBackgroundProcessor[StandardEngine[Catalina]]] org.springframework.web.context.support.XmlWebApplicationContext.doClose Closing WebApplicationContext for namespace 'CloudMusic-servlet': startup date [Wed Nov 09 16:57:37 CST 2016]; root of context hierarchy
09-Nov-2016 16:58:28.440 信息 [localhost-startStop-6] org.apache.catalina.startup.HostConfig.deployWAR Deploying web application archive /Users/Har/apache-tomcat/webapps/CloudMusic.war
09-Nov-2016 16:58:30.171 信息 [localhost-startStop-6] org.springframework.web.servlet.DispatcherServlet.initServletBean FrameworkServlet 'CloudMusic': initialization started
09-Nov-2016 16:58:30.188 信息 [localhost-startStop-6] org.springframework.web.context.support.XmlWebApplicationContext.prepareRefresh Refreshing WebApplicationContext for namespace 'CloudMusic-servlet': startup date [Wed Nov 09 16:58:30 CST 2016]; root of context hierarchy
09-Nov-2016 16:58:30.270 信息 [localhost-startStop-6] org.springframework.beans.factory.xml.XmlBeanDefinitionReader.loadBeanDefinitions Loading XML bean definitions from ServletContext resource [/WEB-INF/CloudMusic-servlet.xml]
09-Nov-2016 16:58:30.586 信息 [localhost-startStop-6] org.springframework.web.servlet.mvc.annotation.DefaultAnnotationHandlerMapping.registerHandler Root mapping to handler 'indexController'
09-Nov-2016 16:58:30.690 信息 [localhost-startStop-6] org.springframework.web.servlet.DispatcherServlet.initServletBean FrameworkServlet 'CloudMusic': initialization completed in 518 ms
09-Nov-2016 16:58:30.695 信息 [localhost-startStop-6] org.apache.catalina.startup.HostConfig.deployWAR Deployment of web application archive /Users/Har/apache-tomcat/webapps/CloudMusic.war has finished in 2,255 ms
09-Nov-2016 16:58:34.601 警告 [http-nio-8080-exec-46] org.springframework.web.servlet.PageNotFound.noHandlerFound No mapping found for HTTP request with URI [/CloudMusic/css/frame.css] in DispatcherServlet with name 'CloudMusic'
09-Nov-2016 16:58:34.601 警告 [http-nio-8080-exec-41] org.springframework.web.servlet.PageNotFound.noHandlerFound No mapping found for HTTP request with URI [/CloudMusic/css/music.css] in DispatcherServlet with name 'CloudMusic'
09-Nov-2016 16:58:34.604 警告 [http-nio-8080-exec-44] org.springframework.web.servlet.PageNotFound.noHandlerFound No mapping found for HTTP request with URI [/CloudMusic/css/index.css] in DispatcherServlet with name 'CloudMusic'
09-Nov-2016 16:58:34.625 警告 [http-nio-8080-exec-33] org.springframework.web.servlet.PageNotFound.noHandlerFound No mapping found for HTTP request with URI [/CloudMusic/image/player-1.jpg] in DispatcherServlet with name 'CloudMusic'
09-Nov-2016 16:58:34.630 警告 [http-nio-8080-exec-36] org.springframework.web.servlet.PageNotFound.noHandlerFound No mapping found for HTTP request with URI [/CloudMusic/image/player-2.jpg] in DispatcherServlet with name 'CloudMusic'
09-Nov-2016 16:58:34.637 警告 [http-nio-8080-exec-32] org.springframework.web.servlet.PageNotFound.noHandlerFound No mapping found for HTTP request with URI [/CloudMusic/image/player-3.jpg] in DispatcherServlet with name 'CloudMusic'
09-Nov-2016 16:58:34.644 警告 [http-nio-8080-exec-37] org.springframework.web.servlet.PageNotFound.noHandlerFound No mapping found for HTTP request with URI [/CloudMusic/image/player-4.jpg] in DispatcherServlet with name 'CloudMusic'
09-Nov-2016 16:58:34.653 警告 [http-nio-8080-exec-47] org.springframework.web.servlet.PageNotFound.noHandlerFound No mapping found for HTTP request with URI [/CloudMusic/image/player-5.jpg] in DispatcherServlet with name 'CloudMusic'
09-Nov-2016 16:58:34.662 警告 [http-nio-8080-exec-42] org.springframework.web.servlet.PageNotFound.noHandlerFound No mapping found for HTTP request with URI [/CloudMusic/image/hit-1.jpg] in DispatcherServlet with name 'CloudMusic'
09-Nov-2016 16:58:34.668 警告 [http-nio-8080-exec-41] org.springframework.web.servlet.PageNotFound.noHandlerFound No mapping found for HTTP request with URI [/CloudMusic/image/hit-2.jpg] in DispatcherServlet with name 'CloudMusic'
09-Nov-2016 16:58:34.676 警告 [http-nio-8080-exec-46] org.springframework.web.servlet.PageNotFound.noHandlerFound No mapping found for HTTP request with URI [/CloudMusic/image/hit-3.jpg] in DispatcherServlet with name 'CloudMusic'
09-Nov-2016 16:58:34.682 警告 [http-nio-8080-exec-44] org.springframework.web.servlet.PageNotFound.noHandlerFound No mapping found for HTTP request with URI [/CloudMusic/image/hit-4.jpg] in DispatcherServlet with name 'CloudMusic'
09-Nov-2016 16:58:34.688 警告 [http-nio-8080-exec-45] org.springframework.web.servlet.PageNotFound.noHandlerFound No mapping found for HTTP request with URI [/CloudMusic/image/view-1.jpg] in DispatcherServlet with name 'CloudMusic'
09-Nov-2016 16:58:34.695 警告 [http-nio-8080-exec-33] org.springframework.web.servlet.PageNotFound.noHandlerFound No mapping found for HTTP request with URI [/CloudMusic/image/view-2.jpg] in DispatcherServlet with name 'CloudMusic'
09-Nov-2016 16:58:34.702 警告 [http-nio-8080-exec-36] org.springframework.web.servlet.PageNotFound.noHandlerFound No mapping found for HTTP request with URI [/CloudMusic/image/view-3.jpg] in DispatcherServlet with name 'CloudMusic'
09-Nov-2016 16:58:34.708 警告 [http-nio-8080-exec-32] org.springframework.web.servlet.PageNotFound.noHandlerFound No mapping found for HTTP request with URI [/CloudMusic/image/wrap.png] in DispatcherServlet with name 'CloudMusic'
09-Nov-2016 16:58:34.792 警告 [http-nio-8080-exec-37] org.springframework.web.servlet.PageNotFound.noHandlerFound No mapping found for HTTP request with URI [/CloudMusic/image/musicUp.jpg] in DispatcherServlet with name 'CloudMusic'
09-Nov-2016 16:58:34.794 警告 [http-nio-8080-exec-47] org.springframework.web.servlet.PageNotFound.noHandlerFound No mapping found for HTTP request with URI [/CloudMusic/image/musicNew.jpg] in DispatcherServlet with name 'CloudMusic'
09-Nov-2016 16:58:34.795 警告 [http-nio-8080-exec-42] org.springframework.web.servlet.PageNotFound.noHandlerFound No mapping found for HTTP request with URI [/CloudMusic/image/musicCreate.jpg] in DispatcherServlet with name 'CloudMusic'
09-Nov-2016 16:58:34.795 警告 [http-nio-8080-exec-41] org.springframework.web.servlet.PageNotFound.noHandlerFound No mapping found for HTTP request with URI [/CloudMusic/image/default_album.jpg] in DispatcherServlet with name 'CloudMusic'
09-Nov-2016 16:59:57.553 信息 [Thread-5] org.apache.coyote.AbstractProtocol.pause Pausing ProtocolHandler ["http-nio-8080"]
09-Nov-2016 16:59:57.622 信息 [Thread-5] org.apache.coyote.AbstractProtocol.pause Pausing ProtocolHandler ["ajp-nio-8009"]
09-Nov-2016 16:59:57.676 信息 [Thread-5] org.apache.catalina.core.StandardService.stopInternal Stopping service Catalina
09-Nov-2016 16:59:57.705 信息 [localhost-startStop-7] org.springframework.web.context.support.XmlWebApplicationContext.doClose Closing WebApplicationContext for namespace 'CloudMusic-servlet': startup date [Wed Nov 09 16:58:30 CST 2016]; root of context hierarchy
09-Nov-2016 16:59:57.719 信息 [localhost-startStop-7] org.springframework.web.context.support.XmlWebApplicationContext.doClose Closing WebApplicationContext for namespace 'Login_MVC-servlet': startup date [Wed Nov 09 16:19:35 CST 2016]; root of context hierarchy
09-Nov-2016 16:59:57.734 信息 [Thread-5] org.apache.coyote.AbstractProtocol.stop Stopping ProtocolHandler ["http-nio-8080"]
09-Nov-2016 16:59:57.738 信息 [Thread-5] org.apache.coyote.AbstractProtocol.stop Stopping ProtocolHandler ["ajp-nio-8009"]
09-Nov-2016 16:59:57.740 信息 [Thread-5] org.apache.coyote.AbstractProtocol.destroy Destroying ProtocolHandler ["http-nio-8080"]
09-Nov-2016 16:59:57.741 信息 [Thread-5] org.apache.coyote.AbstractProtocol.destroy Destroying ProtocolHandler ["ajp-nio-8009"]
